{"level":"DEBUG","time":"2024-12-11T21:08:06.175+0800","caller":"Project/main.go:35","msg":"logger init success..."}
{"level":"DEBUG","time":"2024-12-13T22:02:33.814+0800","caller":"Project/main.go:36","msg":"logger init success..."}
{"level":"INFO","time":"2024-12-13T22:02:43.820+0800","caller":"Project/main.go:72","msg":"Shutdown Server ..."}
{"level":"INFO","time":"2024-12-13T22:02:43.821+0800","caller":"Project/main.go:89","msg":"Server exiting"}
{"level":"DEBUG","time":"2024-12-13T22:12:15.090+0800","caller":"Project/main.go:36","msg":"logger init success..."}
{"level":"INFO","time":"2024-12-13T22:12:32.930+0800","caller":"Project/main.go:72","msg":"Shutdown Server ..."}
{"level":"INFO","time":"2024-12-13T22:12:32.930+0800","caller":"Project/main.go:89","msg":"Server exiting"}
{"level":"DEBUG","time":"2024-12-13T22:12:39.594+0800","caller":"Project/main.go:36","msg":"logger init success..."}
{"level":"INFO","time":"2024-12-13T22:14:45.978+0800","caller":"Project/main.go:72","msg":"Shutdown Server ..."}
{"level":"INFO","time":"2024-12-13T22:14:45.978+0800","caller":"Project/main.go:89","msg":"Server exiting"}
{"level":"DEBUG","time":"2024-12-13T22:14:50.989+0800","caller":"Project/main.go:36","msg":"logger init success..."}
{"level":"INFO","time":"2024-12-13T22:15:08.657+0800","caller":"Project/main.go:72","msg":"Shutdown Server ..."}
{"level":"INFO","time":"2024-12-13T22:15:08.657+0800","caller":"Project/main.go:89","msg":"Server exiting"}
{"level":"DEBUG","time":"2024-12-14T17:44:31.710+0800","caller":"Project/main.go:36","msg":"logger init success..."}
{"level":"INFO","time":"2024-12-14T17:45:25.647+0800","caller":"Project/main.go:72","msg":"Shutdown Server ..."}
{"level":"DEBUG","time":"2024-12-14T17:46:33.992+0800","caller":"Project/main.go:36","msg":"logger init success..."}
{"level":"ERROR","time":"2024-12-14T17:49:51.815+0800","caller":"logger/logger.go:119","msg":"[Recovery from panic]","error":"runtime error: invalid memory address or nil pointer dereference","request":"GET /signup HTTP/1.1\r\nHost: localhost:8080\r\nAccept: */*\r\nAccept-Encoding: gzip, deflate, br\r\nConnection: keep-alive\r\nContent-Length: 84\r\nContent-Type: application/json\r\nPostman-Token: 4ecfa159-435d-4813-a217-2c7b57eb2060\r\nUser-Agent: PostmanRuntime/7.29.2\r\n\r\n","stack":"goroutine 23 [running]:\nruntime/debug.Stack()\n\tD:/Program Files/Go/src/runtime/debug/stack.go:24 +0x5e\nWebApp/router.Setup.GinRecovery.func2.1()\n\tF:/Balle/GolangTest/Project/logger/logger.go:122 +0x4e9\npanic({0xce70a0?, 0x11e3de0?})\n\tD:/Program Files/Go/src/runtime/panic.go:770 +0x132\ngorm.io/gorm.(*DB).getInstance(0xc000600008?)\n\tD:/go/pkg/mod/gorm.io/gorm@v1.25.7/gorm.go:399 +0x12\ngorm.io/gorm.(*DB).Where(0xc00000a8d0?, {0xcbb800, 0xe76340}, {0xc00078ed80, 0x1, 0x1})\n\tD:/go/pkg/mod/gorm.io/gorm@v1.25.7/chainable_api.go:201 +0x36\nWebApp/dao/mysql.CheckUserExist(0xc0007001b0)\n\tF:/Balle/GolangTest/Project/dao/mysql/user.go:16 +0xcf\nWebApp/logic.SignUp(0xc0007001b0)\n\tF:/Balle/GolangTest/Project/logic/user.go:13 +0x1c\nWebApp/controllers.SignupHandler(0xc000266200)\n\tF:/Balle/GolangTest/Project/controllers/user.go:24 +0x287\ngithub.com/gin-gonic/gin.(*Context).Next(0xc000266200)\n\tD:/go/pkg/mod/github.com/gin-gonic/gin@v1.10.0/context.go:185 +0x2b\nWebApp/router.Setup.GinRecovery.func2(0xc00003b4b0?)\n\tF:/Balle/GolangTest/Project/logger/logger.go:133 +0x52\ngithub.com/gin-gonic/gin.(*Context).Next(0xc000266200)\n\tD:/go/pkg/mod/github.com/gin-gonic/gin@v1.10.0/context.go:185 +0x2b\nWebApp/router.Setup.GinLogger.func1(0xc000266200)\n\tF:/Balle/GolangTest/Project/logger/logger.go:74 +0x78\ngithub.com/gin-gonic/gin.(*Context).Next(...)\n\tD:/go/pkg/mod/github.com/gin-gonic/gin@v1.10.0/context.go:185\ngithub.com/gin-gonic/gin.(*Engine).handleHTTPRequest(0xc0007ba4e0, 0xc000266200)\n\tD:/go/pkg/mod/github.com/gin-gonic/gin@v1.10.0/gin.go:633 +0x892\ngithub.com/gin-gonic/gin.(*Engine).ServeHTTP(0xc0007ba4e0, {0xe7c5b0, 0xc0001720e0}, 0xc00044e000)\n\tD:/go/pkg/mod/github.com/gin-gonic/gin@v1.10.0/gin.go:589 +0x1b2\nnet/http.serverHandler.ServeHTTP({0xe7b1b8?}, {0xe7c5b0?, 0xc0001720e0?}, 0x6?)\n\tD:/Program Files/Go/src/net/http/server.go:3142 +0x8e\nnet/http.(*conn).serve(0xc000536090, {0xe7d278, 0xc00058b7a0})\n\tD:/Program Files/Go/src/net/http/server.go:2044 +0x5e8\ncreated by net/http.(*Server).Serve in goroutine 54\n\tD:/Program Files/Go/src/net/http/server.go:3290 +0x4b4\n"}
{"level":"INFO","time":"2024-12-14T17:49:51.818+0800","caller":"logger/logger.go:77","msg":"/signup","status":500,"method":"GET","path":"/signup","query":"","ip":"::1","user-agent":"PostmanRuntime/7.29.2","errors":"","cost":0.0026346}
{"level":"INFO","time":"2024-12-14T17:52:54.357+0800","caller":"Project/main.go:72","msg":"Shutdown Server ..."}
{"level":"DEBUG","time":"2024-12-14T17:53:00.014+0800","caller":"Project/main.go:36","msg":"logger init success..."}
{"level":"ERROR","time":"2024-12-14T17:53:05.926+0800","caller":"logger/logger.go:119","msg":"[Recovery from panic]","error":"runtime error: invalid memory address or nil pointer dereference","request":"GET /signup HTTP/1.1\r\nHost: localhost:8080\r\nAccept: */*\r\nAccept-Encoding: gzip, deflate, br\r\nConnection: keep-alive\r\nContent-Length: 84\r\nContent-Type: application/json\r\nPostman-Token: 7bd6a92d-b390-47d7-82aa-24bb9c703373\r\nUser-Agent: PostmanRuntime/7.29.2\r\n\r\n","stack":"goroutine 27 [running]:\nruntime/debug.Stack()\n\tD:/Program Files/Go/src/runtime/debug/stack.go:24 +0x5e\nWebApp/router.Setup.GinRecovery.func2.1()\n\tF:/Balle/GolangTest/Project/logger/logger.go:122 +0x4e9\npanic({0x12570a0?, 0x1753de0?})\n\tD:/Program Files/Go/src/runtime/panic.go:770 +0x132\ngorm.io/gorm.(*DB).getInstance(0x1778d80?)\n\tD:/go/pkg/mod/gorm.io/gorm@v1.25.7/gorm.go:399 +0x12\ngorm.io/gorm.(*DB).Where(0xc0004a5ab0?, {0x122b800, 0x13e6340}, {0xc0004b0e80, 0x1, 0x1})\n\tD:/go/pkg/mod/gorm.io/gorm@v1.25.7/chainable_api.go:201 +0x36\nWebApp/dao/mysql.CheckUserExist(0xc0000be0c0)\n\tF:/Balle/GolangTest/Project/dao/mysql/user.go:16 +0xcf\nWebApp/logic.SignUp(0xc0000be0c0)\n\tF:/Balle/GolangTest/Project/logic/user.go:13 +0x1c\nWebApp/controllers.SignupHandler(0xc0000b0a00)\n\tF:/Balle/GolangTest/Project/controllers/user.go:24 +0x287\ngithub.com/gin-gonic/gin.(*Context).Next(0xc0000b0a00)\n\tD:/go/pkg/mod/github.com/gin-gonic/gin@v1.10.0/context.go:185 +0x2b\nWebApp/router.Setup.GinRecovery.func2(0xc00003b4b0?)\n\tF:/Balle/GolangTest/Project/logger/logger.go:133 +0x52\ngithub.com/gin-gonic/gin.(*Context).Next(0xc0000b0a00)\n\tD:/go/pkg/mod/github.com/gin-gonic/gin@v1.10.0/context.go:185 +0x2b\nWebApp/router.Setup.GinLogger.func1(0xc0000b0a00)\n\tF:/Balle/GolangTest/Project/logger/logger.go:74 +0x78\ngithub.com/gin-gonic/gin.(*Context).Next(...)\n\tD:/go/pkg/mod/github.com/gin-gonic/gin@v1.10.0/context.go:185\ngithub.com/gin-gonic/gin.(*Engine).handleHTTPRequest(0xc000650000, 0xc0000b0a00)\n\tD:/go/pkg/mod/github.com/gin-gonic/gin@v1.10.0/gin.go:633 +0x892\ngithub.com/gin-gonic/gin.(*Engine).ServeHTTP(0xc000650000, {0x13ec5b0, 0xc000172c40}, 0xc000660000)\n\tD:/go/pkg/mod/github.com/gin-gonic/gin@v1.10.0/gin.go:589 +0x1b2\nnet/http.serverHandler.ServeHTTP({0x13eb1b8?}, {0x13ec5b0?, 0xc000172c40?}, 0x6?)\n\tD:/Program Files/Go/src/net/http/server.go:3142 +0x8e\nnet/http.(*conn).serve(0xc0002d8000, {0x13ed278, 0xc000195da0})\n\tD:/Program Files/Go/src/net/http/server.go:2044 +0x5e8\ncreated by net/http.(*Server).Serve in goroutine 53\n\tD:/Program Files/Go/src/net/http/server.go:3290 +0x4b4\n"}
{"level":"INFO","time":"2024-12-14T17:53:05.929+0800","caller":"logger/logger.go:77","msg":"/signup","status":500,"method":"GET","path":"/signup","query":"","ip":"::1","user-agent":"PostmanRuntime/7.29.2","errors":"","cost":0.0031427}
{"level":"INFO","time":"2024-12-14T17:57:45.331+0800","caller":"Project/main.go:72","msg":"Shutdown Server ..."}
{"level":"INFO","time":"2024-12-14T17:57:45.331+0800","caller":"Project/main.go:82","msg":"Server exiting"}
{"level":"DEBUG","time":"2024-12-14T17:57:59.535+0800","caller":"Project/main.go:36","msg":"logger init success..."}
{"level":"ERROR","time":"2024-12-14T17:58:04.060+0800","caller":"logger/logger.go:119","msg":"[Recovery from panic]","error":"runtime error: invalid memory address or nil pointer dereference","request":"GET /signup HTTP/1.1\r\nHost: localhost:8080\r\nAccept: */*\r\nAccept-Encoding: gzip, deflate, br\r\nConnection: keep-alive\r\nContent-Length: 84\r\nContent-Type: application/json\r\nPostman-Token: e23c047c-d527-458c-8f45-69d74ab17e8f\r\nUser-Agent: PostmanRuntime/7.29.2\r\n\r\n","stack":"goroutine 49 [running]:\nruntime/debug.Stack()\n\tD:/Program Files/Go/src/runtime/debug/stack.go:24 +0x5e\nWebApp/router.Setup.GinRecovery.func2.1()\n\tF:/Balle/GolangTest/Project/logger/logger.go:122 +0x4e9\npanic({0xb870a0?, 0x1083de0?})\n\tD:/Program Files/Go/src/runtime/panic.go:770 +0x132\ngorm.io/gorm.(*DB).getInstance(0xc000600008?)\n\tD:/go/pkg/mod/gorm.io/gorm@v1.25.7/gorm.go:399 +0x12\ngorm.io/gorm.(*DB).Where(0xc000240370?, {0xb5b800, 0xd16340}, {0xc0001f4c00, 0x1, 0x1})\n\tD:/go/pkg/mod/gorm.io/gorm@v1.25.7/chainable_api.go:201 +0x36\nWebApp/dao/mysql.CheckUserExist(0xc0001fe900)\n\tF:/Balle/GolangTest/Project/dao/mysql/user.go:16 +0xcf\nWebApp/logic.SignUp(0xc0001fe900)\n\tF:/Balle/GolangTest/Project/logic/user.go:13 +0x1c\nWebApp/controllers.SignupHandler(0xc00060c100)\n\tF:/Balle/GolangTest/Project/controllers/user.go:24 +0x287\ngithub.com/gin-gonic/gin.(*Context).Next(0xc00060c100)\n\tD:/go/pkg/mod/github.com/gin-gonic/gin@v1.10.0/context.go:185 +0x2b\nWebApp/router.Setup.GinRecovery.func2(0xc00003b4b0?)\n\tF:/Balle/GolangTest/Project/logger/logger.go:133 +0x52\ngithub.com/gin-gonic/gin.(*Context).Next(0xc00060c100)\n\tD:/go/pkg/mod/github.com/gin-gonic/gin@v1.10.0/context.go:185 +0x2b\nWebApp/router.Setup.GinLogger.func1(0xc00060c100)\n\tF:/Balle/GolangTest/Project/logger/logger.go:74 +0x78\ngithub.com/gin-gonic/gin.(*Context).Next(...)\n\tD:/go/pkg/mod/github.com/gin-gonic/gin@v1.10.0/context.go:185\ngithub.com/gin-gonic/gin.(*Engine).handleHTTPRequest(0xc0005e04e0, 0xc00060c100)\n\tD:/go/pkg/mod/github.com/gin-gonic/gin@v1.10.0/gin.go:633 +0x892\ngithub.com/gin-gonic/gin.(*Engine).ServeHTTP(0xc0005e04e0, {0xd1c5b0, 0xc000332000}, 0xc0002c8000)\n\tD:/go/pkg/mod/github.com/gin-gonic/gin@v1.10.0/gin.go:589 +0x1b2\nnet/http.serverHandler.ServeHTTP({0xd1b1b8?}, {0xd1c5b0?, 0xc000332000?}, 0x6?)\n\tD:/Program Files/Go/src/net/http/server.go:3142 +0x8e\nnet/http.(*conn).serve(0xc00051e3f0, {0xd1d278, 0xc0001fe5a0})\n\tD:/Program Files/Go/src/net/http/server.go:2044 +0x5e8\ncreated by net/http.(*Server).Serve in goroutine 47\n\tD:/Program Files/Go/src/net/http/server.go:3290 +0x4b4\n"}
{"level":"INFO","time":"2024-12-14T17:58:04.061+0800","caller":"logger/logger.go:77","msg":"/signup","status":500,"method":"GET","path":"/signup","query":"","ip":"::1","user-agent":"PostmanRuntime/7.29.2","errors":"","cost":0.0021181}
{"level":"INFO","time":"2024-12-14T18:04:57.448+0800","caller":"Project/main.go:72","msg":"Shutdown Server ..."}
{"level":"INFO","time":"2024-12-14T18:04:57.449+0800","caller":"Project/main.go:82","msg":"Server exiting"}
{"level":"DEBUG","time":"2024-12-14T18:05:04.662+0800","caller":"Project/main.go:36","msg":"logger init success..."}
{"level":"ERROR","time":"2024-12-14T18:05:07.114+0800","caller":"logger/logger.go:119","msg":"[Recovery from panic]","error":"runtime error: invalid memory address or nil pointer dereference","request":"GET /signup HTTP/1.1\r\nHost: localhost:8080\r\nAccept: */*\r\nAccept-Encoding: gzip, deflate, br\r\nConnection: keep-alive\r\nContent-Length: 84\r\nContent-Type: application/json\r\nPostman-Token: 238e902d-2ec9-4ea5-936e-b772e8bc17e2\r\nUser-Agent: PostmanRuntime/7.29.2\r\n\r\n","stack":"goroutine 42 [running]:\nruntime/debug.Stack()\n\tD:/Program Files/Go/src/runtime/debug/stack.go:24 +0x5e\nWebApp/router.Setup.GinRecovery.func2.1()\n\tF:/Balle/GolangTest/Project/logger/logger.go:122 +0x4e9\npanic({0xfb70a0?, 0x14b3de0?})\n\tD:/Program Files/Go/src/runtime/panic.go:770 +0x132\ngorm.io/gorm.(*DB).getInstance(0xc000680008?)\n\tD:/go/pkg/mod/gorm.io/gorm@v1.25.7/gorm.go:399 +0x12\ngorm.io/gorm.(*DB).Where(0xc0000a4ad0?, {0xf8b800, 0x1146340}, {0xc000093c60, 0x1, 0x1})\n\tD:/go/pkg/mod/gorm.io/gorm@v1.25.7/chainable_api.go:201 +0x36\nWebApp/dao/mysql.CheckUserExist(0xc0000919b0)\n\tF:/Balle/GolangTest/Project/dao/mysql/user.go:16 +0xcf\nWebApp/logic.SignUp(0xc0000919b0)\n\tF:/Balle/GolangTest/Project/logic/user.go:13 +0x1c\nWebApp/controllers.SignupHandler(0xc00057c100)\n\tF:/Balle/GolangTest/Project/controllers/user.go:24 +0x287\ngithub.com/gin-gonic/gin.(*Context).Next(0xc00057c100)\n\tD:/go/pkg/mod/github.com/gin-gonic/gin@v1.10.0/context.go:185 +0x2b\nWebApp/router.Setup.GinRecovery.func2(0xc00003b4b0?)\n\tF:/Balle/GolangTest/Project/logger/logger.go:133 +0x52\ngithub.com/gin-gonic/gin.(*Context).Next(0xc00057c100)\n\tD:/go/pkg/mod/github.com/gin-gonic/gin@v1.10.0/context.go:185 +0x2b\nWebApp/router.Setup.GinLogger.func1(0xc00057c100)\n\tF:/Balle/GolangTest/Project/logger/logger.go:74 +0x78\ngithub.com/gin-gonic/gin.(*Context).Next(...)\n\tD:/go/pkg/mod/github.com/gin-gonic/gin@v1.10.0/context.go:185\ngithub.com/gin-gonic/gin.(*Engine).handleHTTPRequest(0xc0000f21a0, 0xc00057c100)\n\tD:/go/pkg/mod/github.com/gin-gonic/gin@v1.10.0/gin.go:633 +0x892\ngithub.com/gin-gonic/gin.(*Engine).ServeHTTP(0xc0000f21a0, {0x114c5b0, 0xc0001a80e0}, 0xc0003ec000)\n\tD:/go/pkg/mod/github.com/gin-gonic/gin@v1.10.0/gin.go:589 +0x1b2\nnet/http.serverHandler.ServeHTTP({0x114b1b8?}, {0x114c5b0?, 0xc0001a80e0?}, 0x6?)\n\tD:/Program Files/Go/src/net/http/server.go:3142 +0x8e\nnet/http.(*conn).serve(0xc000560090, {0x114d278, 0xc0001fe5a0})\n\tD:/Program Files/Go/src/net/http/server.go:2044 +0x5e8\ncreated by net/http.(*Server).Serve in goroutine 27\n\tD:/Program Files/Go/src/net/http/server.go:3290 +0x4b4\n"}
{"level":"INFO","time":"2024-12-14T18:05:07.116+0800","caller":"logger/logger.go:77","msg":"/signup","status":500,"method":"GET","path":"/signup","query":"","ip":"::1","user-agent":"PostmanRuntime/7.29.2","errors":"","cost":0.0018855}
{"level":"INFO","time":"2024-12-14T18:08:55.740+0800","caller":"Project/main.go:72","msg":"Shutdown Server ..."}
{"level":"INFO","time":"2024-12-14T18:08:55.740+0800","caller":"Project/main.go:82","msg":"Server exiting"}
{"level":"DEBUG","time":"2024-12-14T18:10:07.248+0800","caller":"Project/main.go:36","msg":"logger init success..."}
{"level":"ERROR","time":"2024-12-14T18:10:13.437+0800","caller":"logger/logger.go:119","msg":"[Recovery from panic]","error":"runtime error: invalid memory address or nil pointer dereference","request":"GET /signup HTTP/1.1\r\nHost: localhost:8080\r\nAccept: */*\r\nAccept-Encoding: gzip, deflate, br\r\nConnection: keep-alive\r\nContent-Length: 84\r\nContent-Type: application/json\r\nPostman-Token: ba794eb7-fff9-44c3-a8dd-b8aea8035a61\r\nUser-Agent: PostmanRuntime/7.29.2\r\n\r\n","stack":"goroutine 27 [running]:\nruntime/debug.Stack()\n\tD:/Program Files/Go/src/runtime/debug/stack.go:24 +0x5e\nWebApp/router.Setup.GinRecovery.func2.1()\n\tF:/Balle/GolangTest/Project/logger/logger.go:122 +0x4e9\npanic({0x9370a0?, 0xe33de0?})\n\tD:/Program Files/Go/src/runtime/panic.go:770 +0x132\ngorm.io/gorm.(*DB).getInstance(0xc000079008?)\n\tD:/go/pkg/mod/gorm.io/gorm@v1.25.7/gorm.go:399 +0x12\ngorm.io/gorm.(*DB).Where(0xc000723af0?, {0x90b800, 0xac6350}, {0xc0002682d0, 0x1, 0x1})\n\tD:/go/pkg/mod/gorm.io/gorm@v1.25.7/chainable_api.go:201 +0x36\nWebApp/dao/mysql.CheckUserExist(0xc000741980)\n\tF:/Balle/GolangTest/Project/dao/mysql/user.go:16 +0xcf\nWebApp/logic.SignUp(0xc000741980)\n\tF:/Balle/GolangTest/Project/logic/user.go:13 +0x1c\nWebApp/controllers.SignupHandler(0xc00049e800)\n\tF:/Balle/GolangTest/Project/controllers/user.go:24 +0x287\ngithub.com/gin-gonic/gin.(*Context).Next(0xc00049e800)\n\tD:/go/pkg/mod/github.com/gin-gonic/gin@v1.10.0/context.go:185 +0x2b\nWebApp/router.Setup.GinRecovery.func2(0xc00003b4b0?)\n\tF:/Balle/GolangTest/Project/logger/logger.go:133 +0x52\ngithub.com/gin-gonic/gin.(*Context).Next(0xc00049e800)\n\tD:/go/pkg/mod/github.com/gin-gonic/gin@v1.10.0/context.go:185 +0x2b\nWebApp/router.Setup.GinLogger.func1(0xc00049e800)\n\tF:/Balle/GolangTest/Project/logger/logger.go:74 +0x78\ngithub.com/gin-gonic/gin.(*Context).Next(...)\n\tD:/go/pkg/mod/github.com/gin-gonic/gin@v1.10.0/context.go:185\ngithub.com/gin-gonic/gin.(*Engine).handleHTTPRequest(0xc0000e4000, 0xc00049e800)\n\tD:/go/pkg/mod/github.com/gin-gonic/gin@v1.10.0/gin.go:633 +0x892\ngithub.com/gin-gonic/gin.(*Engine).ServeHTTP(0xc0000e4000, {0xacc5d0, 0xc0004ded20}, 0xc00016c360)\n\tD:/go/pkg/mod/github.com/gin-gonic/gin@v1.10.0/gin.go:589 +0x1b2\nnet/http.serverHandler.ServeHTTP({0xacb1d8?}, {0xacc5d0?, 0xc0004ded20?}, 0x6?)\n\tD:/Program Files/Go/src/net/http/server.go:3142 +0x8e\nnet/http.(*conn).serve(0xc00021e120, {0xacd298, 0xc0007417d0})\n\tD:/Program Files/Go/src/net/http/server.go:2044 +0x5e8\ncreated by net/http.(*Server).Serve in goroutine 53\n\tD:/Program Files/Go/src/net/http/server.go:3290 +0x4b4\n"}
{"level":"INFO","time":"2024-12-14T18:10:13.439+0800","caller":"logger/logger.go:77","msg":"/signup","status":500,"method":"GET","path":"/signup","query":"","ip":"::1","user-agent":"PostmanRuntime/7.29.2","errors":"","cost":0.0021081}
{"level":"INFO","time":"2024-12-14T18:12:24.995+0800","caller":"Project/main.go:72","msg":"Shutdown Server ..."}
{"level":"INFO","time":"2024-12-14T18:12:24.995+0800","caller":"Project/main.go:82","msg":"Server exiting"}
{"level":"DEBUG","time":"2024-12-14T18:12:33.481+0800","caller":"Project/main.go:36","msg":"logger init success..."}
{"level":"INFO","time":"2024-12-14T18:12:38.171+0800","caller":"logger/logger.go:77","msg":"/signup","status":200,"method":"GET","path":"/signup","query":"","ip":"::1","user-agent":"PostmanRuntime/7.29.2","errors":"","cost":0.0180187}
{"level":"DEBUG","time":"2024-12-14T19:00:08.561+0800","caller":"Project/main.go:36","msg":"logger init success..."}
{"level":"INFO","time":"2024-12-14T19:13:14.356+0800","caller":"Project/main.go:72","msg":"Shutdown Server ..."}
{"level":"INFO","time":"2024-12-14T19:13:14.364+0800","caller":"Project/main.go:82","msg":"Server exiting"}
{"level":"DEBUG","time":"2024-12-14T19:13:27.313+0800","caller":"Project/main.go:36","msg":"logger init success..."}
{"level":"INFO","time":"2024-12-14T19:13:30.869+0800","caller":"logger/logger.go:77","msg":"/signup","status":200,"method":"GET","path":"/signup","query":"","ip":"::1","user-agent":"PostmanRuntime/7.29.2","errors":"","cost":0.0082199}
{"level":"INFO","time":"2024-12-14T19:42:49.740+0800","caller":"Project/main.go:72","msg":"Shutdown Server ..."}
{"level":"INFO","time":"2024-12-14T19:42:49.741+0800","caller":"Project/main.go:82","msg":"Server exiting"}
{"level":"DEBUG","time":"2024-12-14T19:42:55.746+0800","caller":"Project/main.go:36","msg":"logger init success..."}
{"level":"INFO","time":"2024-12-14T19:42:58.108+0800","caller":"logger/logger.go:77","msg":"/signup","status":200,"method":"GET","path":"/signup","query":"","ip":"::1","user-agent":"PostmanRuntime/7.29.2","errors":"","cost":0.0042899}
{"level":"INFO","time":"2024-12-14T19:51:13.115+0800","caller":"Project/main.go:72","msg":"Shutdown Server ..."}
{"level":"INFO","time":"2024-12-14T19:51:13.116+0800","caller":"Project/main.go:82","msg":"Server exiting"}
{"level":"DEBUG","time":"2024-12-14T19:51:19.392+0800","caller":"Project/main.go:36","msg":"logger init success..."}
{"level":"INFO","time":"2024-12-14T19:51:22.420+0800","caller":"logger/logger.go:77","msg":"/signup","status":200,"method":"GET","path":"/signup","query":"","ip":"::1","user-agent":"PostmanRuntime/7.29.2","errors":"","cost":0.0042938}
{"level":"INFO","time":"2024-12-14T19:53:01.205+0800","caller":"Project/main.go:72","msg":"Shutdown Server ..."}
{"level":"INFO","time":"2024-12-14T19:53:01.206+0800","caller":"Project/main.go:82","msg":"Server exiting"}
{"level":"DEBUG","time":"2024-12-14T19:53:08.988+0800","caller":"Project/main.go:36","msg":"logger init success..."}
{"level":"INFO","time":"2024-12-14T19:53:11.272+0800","caller":"logger/logger.go:77","msg":"/signup","status":200,"method":"GET","path":"/signup","query":"","ip":"::1","user-agent":"PostmanRuntime/7.29.2","errors":"","cost":0.2316856}
{"level":"DEBUG","time":"2024-12-14T21:50:33.084+0800","caller":"Project/main.go:36","msg":"logger init success..."}
{"level":"INFO","time":"2024-12-14T21:53:03.958+0800","caller":"logger/logger.go:77","msg":"/login","status":404,"method":"GET","path":"/login","query":"","ip":"::1","user-agent":"PostmanRuntime/7.29.2","errors":"","cost":0}
{"level":"INFO","time":"2024-12-14T21:53:31.114+0800","caller":"Project/main.go:72","msg":"Shutdown Server ..."}
{"level":"INFO","time":"2024-12-14T21:53:31.115+0800","caller":"Project/main.go:82","msg":"Server exiting"}
{"level":"DEBUG","time":"2024-12-14T21:53:36.693+0800","caller":"Project/main.go:36","msg":"logger init success..."}
{"level":"INFO","time":"2024-12-14T21:53:41.312+0800","caller":"logger/logger.go:77","msg":"/login","status":404,"method":"POST","path":"/login","query":"","ip":"::1","user-agent":"PostmanRuntime/7.29.2","errors":"","cost":0}
{"level":"INFO","time":"2024-12-14T21:53:52.622+0800","caller":"logger/logger.go:77","msg":"/api/login","status":404,"method":"POST","path":"/api/login","query":"","ip":"::1","user-agent":"PostmanRuntime/7.29.2","errors":"","cost":0}
{"level":"INFO","time":"2024-12-14T21:53:59.034+0800","caller":"logger/logger.go:77","msg":"/api/login","status":404,"method":"GET","path":"/api/login","query":"","ip":"::1","user-agent":"PostmanRuntime/7.29.2","errors":"","cost":0}
{"level":"INFO","time":"2024-12-14T21:54:54.573+0800","caller":"Project/main.go:72","msg":"Shutdown Server ..."}
{"level":"INFO","time":"2024-12-14T21:54:54.574+0800","caller":"Project/main.go:82","msg":"Server exiting"}
{"level":"DEBUG","time":"2024-12-14T21:55:01.771+0800","caller":"Project/main.go:36","msg":"logger init success..."}
{"level":"INFO","time":"2024-12-14T21:55:05.853+0800","caller":"logger/logger.go:77","msg":"/api/login","status":200,"method":"GET","path":"/api/login","query":"","ip":"::1","user-agent":"PostmanRuntime/7.29.2","errors":"","cost":0.2130254}
{"level":"INFO","time":"2024-12-14T23:42:05.237+0800","caller":"Project/main.go:72","msg":"Shutdown Server ..."}
{"level":"INFO","time":"2024-12-14T23:42:05.238+0800","caller":"Project/main.go:82","msg":"Server exiting"}
{"level":"DEBUG","time":"2024-12-15T23:22:34.730+0800","caller":"Project/main.go:36","msg":"logger init success..."}
{"level":"INFO","time":"2024-12-15T23:22:52.531+0800","caller":"logger/logger.go:77","msg":"/api/login","status":200,"method":"GET","path":"/api/login","query":"","ip":"::1","user-agent":"PostmanRuntime/7.29.2","errors":"","cost":0.2088404}
{"level":"INFO","time":"2024-12-15T23:23:19.578+0800","caller":"logger/logger.go:77","msg":"/api/ping","status":401,"method":"GET","path":"/api/ping","query":"","ip":"::1","user-agent":"PostmanRuntime/7.29.2","errors":"","cost":0}
{"level":"INFO","time":"2024-12-15T23:23:29.117+0800","caller":"logger/logger.go:77","msg":"/api/ping","status":401,"method":"GET","path":"/api/ping","query":"","ip":"::1","user-agent":"PostmanRuntime/7.29.2","errors":"","cost":0}
{"level":"INFO","time":"2024-12-15T23:23:55.109+0800","caller":"logger/logger.go:77","msg":"/api/ping","status":401,"method":"GET","path":"/api/ping","query":"","ip":"::1","user-agent":"PostmanRuntime/7.29.2","errors":"","cost":0}
{"level":"INFO","time":"2024-12-15T23:28:01.147+0800","caller":"Project/main.go:72","msg":"Shutdown Server ..."}
{"level":"INFO","time":"2024-12-15T23:28:01.148+0800","caller":"Project/main.go:82","msg":"Server exiting"}
{"level":"DEBUG","time":"2024-12-15T23:28:07.290+0800","caller":"Project/main.go:36","msg":"logger init success..."}
{"level":"INFO","time":"2024-12-15T23:28:14.653+0800","caller":"logger/logger.go:77","msg":"/api/login","status":404,"method":"POST","path":"/api/login","query":"","ip":"::1","user-agent":"PostmanRuntime/7.29.2","errors":"","cost":0}
{"level":"INFO","time":"2024-12-15T23:28:20.295+0800","caller":"logger/logger.go:77","msg":"/api/login","status":200,"method":"GET","path":"/api/login","query":"","ip":"::1","user-agent":"PostmanRuntime/7.29.2","errors":"","cost":0.2051599}
{"level":"INFO","time":"2024-12-15T23:28:51.619+0800","caller":"logger/logger.go:77","msg":"/api/ping","status":401,"method":"GET","path":"/api/ping","query":"","ip":"::1","user-agent":"PostmanRuntime/7.29.2","errors":"","cost":0}
{"level":"INFO","time":"2024-12-15T23:33:37.286+0800","caller":"logger/logger.go:77","msg":"/api/ping","status":401,"method":"GET","path":"/api/ping","query":"","ip":"::1","user-agent":"PostmanRuntime/7.29.2","errors":"","cost":0}
{"level":"INFO","time":"2024-12-15T23:34:09.205+0800","caller":"logger/logger.go:77","msg":"/api/ping","status":401,"method":"GET","path":"/api/ping","query":"","ip":"::1","user-agent":"PostmanRuntime/7.29.2","errors":"","cost":0}
{"level":"INFO","time":"2024-12-15T23:34:15.784+0800","caller":"logger/logger.go:77","msg":"/api/ping","status":401,"method":"GET","path":"/api/ping","query":"","ip":"::1","user-agent":"PostmanRuntime/7.29.2","errors":"","cost":0.0009995}
{"level":"INFO","time":"2024-12-15T23:35:33.265+0800","caller":"logger/logger.go:77","msg":"/api/ping","status":401,"method":"GET","path":"/api/ping","query":"","ip":"::1","user-agent":"PostmanRuntime/7.29.2","errors":"","cost":0}
{"level":"INFO","time":"2024-12-15T23:35:36.395+0800","caller":"Project/main.go:72","msg":"Shutdown Server ..."}
{"level":"INFO","time":"2024-12-15T23:35:36.396+0800","caller":"Project/main.go:82","msg":"Server exiting"}
{"level":"DEBUG","time":"2024-12-15T23:35:41.957+0800","caller":"Project/main.go:36","msg":"logger init success..."}
{"level":"ERROR","time":"2024-12-15T23:35:49.972+0800","caller":"controllers/user.go:53","msg":"logic.Login failed ","username":"qqawe1r","error":"用户不存在"}
{"level":"INFO","time":"2024-12-15T23:35:49.972+0800","caller":"logger/logger.go:77","msg":"/api/login","status":200,"method":"GET","path":"/api/login","query":"","ip":"::1","user-agent":"PostmanRuntime/7.29.2","errors":"","cost":0.0027884}
{"level":"INFO","time":"2024-12-15T23:36:28.715+0800","caller":"Project/main.go:72","msg":"Shutdown Server ..."}
{"level":"INFO","time":"2024-12-15T23:36:28.715+0800","caller":"Project/main.go:82","msg":"Server exiting"}
{"level":"DEBUG","time":"2024-12-15T23:36:36.060+0800","caller":"Project/main.go:36","msg":"logger init success..."}
{"level":"INFO","time":"2024-12-15T23:36:38.742+0800","caller":"logger/logger.go:77","msg":"/api/login","status":200,"method":"GET","path":"/api/login","query":"","ip":"::1","user-agent":"PostmanRuntime/7.29.2","errors":"","cost":0.2088659}
{"level":"INFO","time":"2024-12-15T23:36:48.796+0800","caller":"logger/logger.go:77","msg":"/api/login","status":200,"method":"GET","path":"/api/login","query":"","ip":"::1","user-agent":"PostmanRuntime/7.29.2","errors":"","cost":0.2103189}
{"level":"INFO","time":"2024-12-15T23:36:58.287+0800","caller":"logger/logger.go:77","msg":"/api/ping","status":401,"method":"GET","path":"/api/ping","query":"","ip":"::1","user-agent":"PostmanRuntime/7.29.2","errors":"","cost":0}
{"level":"INFO","time":"2024-12-15T23:38:15.351+0800","caller":"logger/logger.go:77","msg":"/api/ping","status":401,"method":"GET","path":"/api/ping","query":"","ip":"::1","user-agent":"PostmanRuntime/7.29.2","errors":"","cost":0}
{"level":"INFO","time":"2024-12-15T23:39:36.790+0800","caller":"logger/logger.go:77","msg":"/api/login","status":200,"method":"GET","path":"/api/login","query":"","ip":"::1","user-agent":"PostmanRuntime/7.29.2","errors":"","cost":0.2044804}
{"level":"INFO","time":"2024-12-15T23:40:53.950+0800","caller":"logger/logger.go:77","msg":"/api/ping","status":401,"method":"GET","path":"/api/ping","query":"","ip":"::1","user-agent":"PostmanRuntime/7.29.2","errors":"","cost":0}
{"level":"INFO","time":"2024-12-15T23:45:50.382+0800","caller":"Project/main.go:72","msg":"Shutdown Server ..."}
{"level":"INFO","time":"2024-12-15T23:45:50.384+0800","caller":"Project/main.go:82","msg":"Server exiting"}
{"level":"DEBUG","time":"2024-12-15T23:45:58.429+0800","caller":"Project/main.go:36","msg":"logger init success..."}
{"level":"INFO","time":"2024-12-15T23:46:09.552+0800","caller":"logger/logger.go:77","msg":"/api/login","status":200,"method":"GET","path":"/api/login","query":"","ip":"::1","user-agent":"PostmanRuntime/7.29.2","errors":"","cost":0.2136323}
{"level":"INFO","time":"2024-12-15T23:46:18.156+0800","caller":"logger/logger.go:77","msg":"/api/ping","status":401,"method":"GET","path":"/api/ping","query":"","ip":"::1","user-agent":"PostmanRuntime/7.29.2","errors":"","cost":0}
{"level":"INFO","time":"2024-12-15T23:46:21.494+0800","caller":"logger/logger.go:77","msg":"/api/ping","status":401,"method":"GET","path":"/api/ping","query":"","ip":"::1","user-agent":"PostmanRuntime/7.29.2","errors":"","cost":0}
{"level":"INFO","time":"2024-12-15T23:46:42.847+0800","caller":"Project/main.go:72","msg":"Shutdown Server ..."}
{"level":"INFO","time":"2024-12-15T23:46:42.848+0800","caller":"Project/main.go:82","msg":"Server exiting"}
{"level":"DEBUG","time":"2024-12-15T23:46:48.474+0800","caller":"Project/main.go:36","msg":"logger init success..."}
{"level":"INFO","time":"2024-12-15T23:46:53.314+0800","caller":"logger/logger.go:77","msg":"/api/login","status":200,"method":"GET","path":"/api/login","query":"","ip":"::1","user-agent":"PostmanRuntime/7.29.2","errors":"","cost":0.2053935}
{"level":"INFO","time":"2024-12-15T23:47:01.701+0800","caller":"logger/logger.go:77","msg":"/api/ping","status":200,"method":"GET","path":"/api/ping","query":"","ip":"::1","user-agent":"PostmanRuntime/7.29.2","errors":"","cost":0}
{"level":"DEBUG","time":"2024-12-16T16:10:13.720+0800","caller":"Project/main.go:36","msg":"logger init success..."}
{"level":"INFO","time":"2024-12-16T19:38:01.927+0800","caller":"Project/main.go:72","msg":"Shutdown Server ..."}
{"level":"INFO","time":"2024-12-16T19:38:01.930+0800","caller":"Project/main.go:82","msg":"Server exiting"}
{"level":"DEBUG","time":"2024-12-16T23:05:59.755+0800","caller":"Project/main.go:36","msg":"logger init success..."}
{"level":"ERROR","time":"2024-12-16T23:06:50.644+0800","caller":"controllers/community.go:24","msg":"Search with invalid param","error":"invalid character 'u' looking for beginning of value"}
{"level":"INFO","time":"2024-12-16T23:06:50.645+0800","caller":"logger/logger.go:77","msg":"/api/v1/community","status":200,"method":"GET","path":"/api/v1/community","query":"","ip":"::1","user-agent":"PostmanRuntime/7.29.2","errors":"","cost":0.0005324}
{"level":"INFO","time":"2024-12-16T23:16:47.811+0800","caller":"Project/main.go:72","msg":"Shutdown Server ..."}
{"level":"INFO","time":"2024-12-16T23:16:47.811+0800","caller":"Project/main.go:82","msg":"Server exiting"}
{"level":"DEBUG","time":"2024-12-16T23:16:56.749+0800","caller":"Project/main.go:36","msg":"logger init success..."}
{"level":"ERROR","time":"2024-12-16T23:17:03.863+0800","caller":"controllers/community.go:38","msg":"logic.GetCommunityList() failed","error":"Error 1146 (42S02): Table 'sql_demo.communities' doesn't exist"}
{"level":"INFO","time":"2024-12-16T23:17:03.863+0800","caller":"logger/logger.go:77","msg":"/api/v1/community","status":200,"method":"GET","path":"/api/v1/community","query":"","ip":"::1","user-agent":"PostmanRuntime/7.29.2","errors":"","cost":0.017615}
{"level":"INFO","time":"2024-12-16T23:19:36.898+0800","caller":"Project/main.go:72","msg":"Shutdown Server ..."}
{"level":"INFO","time":"2024-12-16T23:19:36.899+0800","caller":"Project/main.go:82","msg":"Server exiting"}
{"level":"DEBUG","time":"2024-12-16T23:19:42.979+0800","caller":"Project/main.go:36","msg":"logger init success..."}
{"level":"INFO","time":"2024-12-16T23:19:45.274+0800","caller":"logger/logger.go:77","msg":"/api/v1/community","status":200,"method":"GET","path":"/api/v1/community","query":"","ip":"::1","user-agent":"PostmanRuntime/7.29.2","errors":"","cost":0.0025253}
{"level":"INFO","time":"2024-12-16T23:22:57.736+0800","caller":"Project/main.go:72","msg":"Shutdown Server ..."}
{"level":"INFO","time":"2024-12-16T23:22:57.736+0800","caller":"Project/main.go:82","msg":"Server exiting"}
{"level":"DEBUG","time":"2024-12-16T23:23:04.461+0800","caller":"Project/main.go:36","msg":"logger init success..."}
{"level":"INFO","time":"2024-12-16T23:23:10.267+0800","caller":"logger/logger.go:77","msg":"/api/v1/community","status":200,"method":"GET","path":"/api/v1/community","query":"","ip":"::1","user-agent":"PostmanRuntime/7.29.2","errors":"","cost":0.002055}
{"level":"INFO","time":"2024-12-16T23:47:11.266+0800","caller":"Project/main.go:72","msg":"Shutdown Server ..."}
{"level":"INFO","time":"2024-12-16T23:47:11.273+0800","caller":"Project/main.go:82","msg":"Server exiting"}
{"level":"DEBUG","time":"2024-12-16T23:47:18.164+0800","caller":"Project/main.go:36","msg":"logger init success..."}
{"level":"INFO","time":"2024-12-16T23:47:29.310+0800","caller":"logger/logger.go:77","msg":"/api/v1/community/1","status":200,"method":"GET","path":"/api/v1/community/1","query":"","ip":"::1","user-agent":"PostmanRuntime/7.29.2","errors":"","cost":0}
{"level":"INFO","time":"2024-12-16T23:47:42.735+0800","caller":"logger/logger.go:77","msg":"/api/login","status":200,"method":"GET","path":"/api/login","query":"","ip":"::1","user-agent":"PostmanRuntime/7.29.2","errors":"","cost":0}
{"level":"INFO","time":"2024-12-16T23:47:50.913+0800","caller":"logger/logger.go:77","msg":"/api/v1/login","status":200,"method":"GET","path":"/api/v1/login","query":"","ip":"::1","user-agent":"PostmanRuntime/7.29.2","errors":"","cost":0.21994}
{"level":"INFO","time":"2024-12-16T23:47:59.812+0800","caller":"logger/logger.go:77","msg":"/api/v1/community/1","status":200,"method":"GET","path":"/api/v1/community/1","query":"","ip":"::1","user-agent":"PostmanRuntime/7.29.2","errors":"","cost":0.0026422}
{"level":"INFO","time":"2024-12-16T23:48:04.511+0800","caller":"logger/logger.go:77","msg":"/api/v1/community/2","status":200,"method":"GET","path":"/api/v1/community/2","query":"","ip":"::1","user-agent":"PostmanRuntime/7.29.2","errors":"","cost":0.0015803}
{"level":"DEBUG","time":"2024-12-17T23:26:38.278+0800","caller":"Project/main.go:36","msg":"logger init success..."}
{"level":"INFO","time":"2024-12-17T23:26:52.727+0800","caller":"logger/logger.go:77","msg":"/api/v1/login","status":200,"method":"GET","path":"/api/v1/login","query":"","ip":"::1","user-agent":"PostmanRuntime/7.29.2","errors":"","cost":0.2050655}
{"level":"INFO","time":"2024-12-17T23:27:30.318+0800","caller":"logger/logger.go:77","msg":"/api/v1/community/2","status":200,"method":"GET","path":"/api/v1/community/2","query":"","ip":"::1","user-agent":"PostmanRuntime/7.29.2","errors":"","cost":0.0037421}
{"level":"INFO","time":"2024-12-17T23:27:36.123+0800","caller":"logger/logger.go:77","msg":"/api/v1/community/hehe","status":200,"method":"GET","path":"/api/v1/community/hehe","query":"","ip":"::1","user-agent":"PostmanRuntime/7.29.2","errors":"","cost":0}
{"level":"INFO","time":"2024-12-17T23:28:19.474+0800","caller":"Project/main.go:72","msg":"Shutdown Server ..."}
{"level":"INFO","time":"2024-12-17T23:28:19.475+0800","caller":"Project/main.go:82","msg":"Server exiting"}
{"level":"DEBUG","time":"2024-12-17T23:28:25.582+0800","caller":"Project/main.go:36","msg":"logger init success..."}
{"level":"INFO","time":"2024-12-17T23:28:37.566+0800","caller":"logger/logger.go:77","msg":"/api/v1/community/hehe","status":200,"method":"GET","path":"/api/v1/community/hehe","query":"","ip":"::1","user-agent":"PostmanRuntime/7.29.2","errors":"","cost":0.0005255}
{"level":"INFO","time":"2024-12-17T23:40:35.569+0800","caller":"Project/main.go:72","msg":"Shutdown Server ..."}
{"level":"DEBUG","time":"2024-12-18T15:39:17.317+0800","caller":"Project/main.go:36","msg":"logger init success..."}
{"level":"ERROR","time":"2024-12-18T16:03:56.585+0800","caller":"controllers/post.go:37","msg":"logic.CreatePost(p) failed","error":"Error 1146 (42S02): Table 'sql_demo.posts' doesn't exist"}
{"level":"INFO","time":"2024-12-18T16:03:56.585+0800","caller":"logger/logger.go:77","msg":"/api/v1/post","status":200,"method":"POST","path":"/api/v1/post","query":"","ip":"::1","user-agent":"PostmanRuntime/7.29.2","errors":"","cost":0.0433894}
{"level":"INFO","time":"2024-12-18T16:04:18.097+0800","caller":"Project/main.go:72","msg":"Shutdown Server ..."}
{"level":"INFO","time":"2024-12-18T16:04:18.097+0800","caller":"Project/main.go:82","msg":"Server exiting"}
{"level":"DEBUG","time":"2024-12-18T16:04:25.318+0800","caller":"Project/main.go:36","msg":"logger init success..."}
{"level":"ERROR","time":"2024-12-18T16:04:28.148+0800","caller":"controllers/post.go:36","msg":"logic.CreatePost(p) failed","error":"Error 1146 (42S02): Table 'sql_demo.posts' doesn't exist"}
{"level":"INFO","time":"2024-12-18T16:04:28.148+0800","caller":"logger/logger.go:77","msg":"/api/v1/post","status":200,"method":"POST","path":"/api/v1/post","query":"","ip":"::1","user-agent":"PostmanRuntime/7.29.2","errors":"","cost":0.0083001}
{"level":"INFO","time":"2024-12-18T16:05:15.607+0800","caller":"Project/main.go:72","msg":"Shutdown Server ..."}
{"level":"INFO","time":"2024-12-18T16:05:15.607+0800","caller":"Project/main.go:82","msg":"Server exiting"}
{"level":"DEBUG","time":"2024-12-18T16:05:31.128+0800","caller":"Project/main.go:36","msg":"logger init success..."}
{"level":"ERROR","time":"2024-12-18T16:05:33.442+0800","caller":"controllers/post.go:36","msg":"logic.CreatePost(p) failed","error":"Error 1292 (22007): Incorrect datetime value: '0000-00-00' for column 'create_time' at row 1"}
{"level":"INFO","time":"2024-12-18T16:05:33.442+0800","caller":"logger/logger.go:77","msg":"/api/v1/post","status":200,"method":"POST","path":"/api/v1/post","query":"","ip":"::1","user-agent":"PostmanRuntime/7.29.2","errors":"","cost":0.0291097}
{"level":"INFO","time":"2024-12-18T16:20:23.985+0800","caller":"logger/logger.go:77","msg":"/api/v1/login","status":200,"method":"GET","path":"/api/v1/login","query":"","ip":"::1","user-agent":"PostmanRuntime/7.29.2","errors":"","cost":0.2021258}
{"level":"ERROR","time":"2024-12-18T16:20:41.604+0800","caller":"controllers/post.go:36","msg":"logic.CreatePost(p) failed","error":"Error 1292 (22007): Incorrect datetime value: '0000-00-00' for column 'create_time' at row 1"}
{"level":"INFO","time":"2024-12-18T16:20:41.604+0800","caller":"logger/logger.go:77","msg":"/api/v1/post","status":200,"method":"POST","path":"/api/v1/post","query":"","ip":"::1","user-agent":"PostmanRuntime/7.29.2","errors":"","cost":0.0018227}
{"level":"INFO","time":"2024-12-18T16:35:40.819+0800","caller":"Project/main.go:72","msg":"Shutdown Server ..."}
{"level":"INFO","time":"2024-12-18T16:35:40.826+0800","caller":"Project/main.go:82","msg":"Server exiting"}
{"level":"DEBUG","time":"2024-12-18T16:35:48.130+0800","caller":"Project/main.go:36","msg":"logger init success..."}
{"level":"INFO","time":"2024-12-18T16:35:54.692+0800","caller":"logger/logger.go:77","msg":"/api/v1/post","status":200,"method":"POST","path":"/api/v1/post","query":"","ip":"::1","user-agent":"PostmanRuntime/7.29.2","errors":"","cost":0}
{"level":"ERROR","time":"2024-12-18T16:36:06.243+0800","caller":"controllers/post.go:36","msg":"logic.CreatePost(p) failed","error":"Error 1292 (22007): Incorrect datetime value: '0000-00-00' for column 'create_time' at row 1"}
{"level":"INFO","time":"2024-12-18T16:36:06.244+0800","caller":"logger/logger.go:77","msg":"/api/v1/post","status":200,"method":"POST","path":"/api/v1/post","query":"","ip":"::1","user-agent":"PostmanRuntime/7.29.2","errors":"","cost":0.0045602}
{"level":"INFO","time":"2024-12-18T16:36:57.297+0800","caller":"Project/main.go:72","msg":"Shutdown Server ..."}
{"level":"INFO","time":"2024-12-18T16:36:57.297+0800","caller":"Project/main.go:82","msg":"Server exiting"}
{"level":"DEBUG","time":"2024-12-18T16:37:03.958+0800","caller":"Project/main.go:36","msg":"logger init success..."}
{"level":"INFO","time":"2024-12-18T16:37:08.787+0800","caller":"logger/logger.go:77","msg":"/api/v1/post","status":200,"method":"POST","path":"/api/v1/post","query":"","ip":"::1","user-agent":"PostmanRuntime/7.29.2","errors":"","cost":0.0066848}
{"level":"INFO","time":"2024-12-18T16:38:34.491+0800","caller":"Project/main.go:72","msg":"Shutdown Server ..."}
{"level":"INFO","time":"2024-12-18T16:38:34.491+0800","caller":"Project/main.go:82","msg":"Server exiting"}
{"level":"DEBUG","time":"2024-12-18T16:38:40.715+0800","caller":"Project/main.go:36","msg":"logger init success..."}
{"level":"INFO","time":"2024-12-18T16:38:45.120+0800","caller":"logger/logger.go:77","msg":"/api/v1/post","status":200,"method":"POST","path":"/api/v1/post","query":"","ip":"::1","user-agent":"PostmanRuntime/7.29.2","errors":"","cost":0.0045603}
{"level":"INFO","time":"2024-12-18T16:43:07.735+0800","caller":"Project/main.go:72","msg":"Shutdown Server ..."}
{"level":"INFO","time":"2024-12-18T16:43:07.735+0800","caller":"Project/main.go:82","msg":"Server exiting"}
{"level":"DEBUG","time":"2024-12-18T16:43:16.416+0800","caller":"Project/main.go:36","msg":"logger init success..."}
{"level":"INFO","time":"2024-12-18T16:45:31.589+0800","caller":"Project/main.go:72","msg":"Shutdown Server ..."}
{"level":"INFO","time":"2024-12-18T16:45:31.590+0800","caller":"Project/main.go:82","msg":"Server exiting"}
{"level":"DEBUG","time":"2024-12-18T16:45:37.450+0800","caller":"Project/main.go:36","msg":"logger init success..."}
{"level":"ERROR","time":"2024-12-18T16:45:46.579+0800","caller":"controllers/post.go:36","msg":"logic.CreatePost(p) failed","error":"Error 1292 (22007): Incorrect datetime value: '0000-00-00' for column 'create_time' at row 1"}
{"level":"INFO","time":"2024-12-18T16:45:46.579+0800","caller":"logger/logger.go:77","msg":"/api/v1/post","status":200,"method":"POST","path":"/api/v1/post","query":"","ip":"::1","user-agent":"PostmanRuntime/7.29.2","errors":"","cost":0.0121451}
{"level":"INFO","time":"2024-12-18T16:49:12.561+0800","caller":"Project/main.go:72","msg":"Shutdown Server ..."}
{"level":"INFO","time":"2024-12-18T16:49:12.561+0800","caller":"Project/main.go:82","msg":"Server exiting"}
{"level":"DEBUG","time":"2024-12-18T16:49:18.844+0800","caller":"Project/main.go:36","msg":"logger init success..."}
{"level":"INFO","time":"2024-12-18T16:49:50.325+0800","caller":"logger/logger.go:77","msg":"/api/v1/post","status":200,"method":"POST","path":"/api/v1/post","query":"","ip":"::1","user-agent":"PostmanRuntime/7.29.2","errors":"","cost":0.0032054}
{"level":"INFO","time":"2024-12-18T16:50:44.369+0800","caller":"Project/main.go:72","msg":"Shutdown Server ..."}
{"level":"INFO","time":"2024-12-18T16:50:44.370+0800","caller":"Project/main.go:82","msg":"Server exiting"}
{"level":"DEBUG","time":"2024-12-18T16:50:55.754+0800","caller":"Project/main.go:36","msg":"logger init success..."}
{"level":"INFO","time":"2024-12-18T16:51:00.397+0800","caller":"logger/logger.go:77","msg":"/api/v1/post","status":200,"method":"POST","path":"/api/v1/post","query":"","ip":"::1","user-agent":"PostmanRuntime/7.29.2","errors":"","cost":0.003872}
{"level":"INFO","time":"2024-12-18T16:51:04.248+0800","caller":"logger/logger.go:77","msg":"/api/v1/post","status":200,"method":"POST","path":"/api/v1/post","query":"","ip":"::1","user-agent":"PostmanRuntime/7.29.2","errors":"","cost":0.0026327}
{"level":"INFO","time":"2024-12-18T16:52:05.723+0800","caller":"Project/main.go:72","msg":"Shutdown Server ..."}
{"level":"INFO","time":"2024-12-18T16:52:05.723+0800","caller":"Project/main.go:82","msg":"Server exiting"}
{"level":"DEBUG","time":"2024-12-18T16:52:13.364+0800","caller":"Project/main.go:36","msg":"logger init success..."}
{"level":"INFO","time":"2024-12-18T16:52:15.208+0800","caller":"logger/logger.go:77","msg":"/api/v1/post","status":200,"method":"POST","path":"/api/v1/post","query":"","ip":"::1","user-agent":"PostmanRuntime/7.29.2","errors":"","cost":0.0017967}
{"level":"INFO","time":"2024-12-18T16:55:04.054+0800","caller":"Project/main.go:72","msg":"Shutdown Server ..."}
{"level":"INFO","time":"2024-12-18T16:55:04.055+0800","caller":"Project/main.go:82","msg":"Server exiting"}
{"level":"DEBUG","time":"2024-12-18T16:55:56.330+0800","caller":"Project/main.go:36","msg":"logger init success..."}
{"level":"INFO","time":"2024-12-18T17:00:14.349+0800","caller":"logger/logger.go:77","msg":"/api/v1/post","status":200,"method":"POST","path":"/api/v1/post","query":"","ip":"::1","user-agent":"PostmanRuntime/7.29.2","errors":"","cost":0.0025267}
{"level":"INFO","time":"2024-12-18T17:04:26.175+0800","caller":"Project/main.go:72","msg":"Shutdown Server ..."}
{"level":"INFO","time":"2024-12-18T17:04:26.176+0800","caller":"Project/main.go:82","msg":"Server exiting"}
{"level":"DEBUG","time":"2024-12-18T17:04:36.461+0800","caller":"Project/main.go:36","msg":"logger init success..."}
{"level":"INFO","time":"2024-12-18T17:04:39.992+0800","caller":"logger/logger.go:77","msg":"/api/v1/post","status":200,"method":"POST","path":"/api/v1/post","query":"","ip":"::1","user-agent":"PostmanRuntime/7.29.2","errors":"","cost":0.0039471}
{"level":"INFO","time":"2024-12-18T17:05:47.338+0800","caller":"Project/main.go:72","msg":"Shutdown Server ..."}
{"level":"INFO","time":"2024-12-18T17:05:47.339+0800","caller":"Project/main.go:82","msg":"Server exiting"}
{"level":"DEBUG","time":"2024-12-18T17:05:55.195+0800","caller":"Project/main.go:36","msg":"logger init success..."}
{"level":"INFO","time":"2024-12-18T17:06:23.333+0800","caller":"logger/logger.go:77","msg":"/api/v1/post","status":200,"method":"POST","path":"/api/v1/post","query":"","ip":"::1","user-agent":"PostmanRuntime/7.29.2","errors":"","cost":0.0033348}
{"level":"DEBUG","time":"2024-12-18T20:13:02.638+0800","caller":"Project/main.go:36","msg":"logger init success..."}
{"level":"ERROR","time":"2024-12-18T20:13:33.457+0800","caller":"controllers/post.go:36","msg":"logic.CreatePost(p) failed","error":"Error 1292 (22007): Incorrect datetime value: '0000-00-00' for column 'create_time' at row 1"}
{"level":"INFO","time":"2024-12-18T20:13:33.457+0800","caller":"logger/logger.go:77","msg":"/api/v1/post","status":200,"method":"POST","path":"/api/v1/post","query":"","ip":"::1","user-agent":"PostmanRuntime/7.29.2","errors":"","cost":0.0415876}
{"level":"INFO","time":"2024-12-18T20:16:19.404+0800","caller":"Project/main.go:72","msg":"Shutdown Server ..."}
{"level":"INFO","time":"2024-12-18T20:16:19.404+0800","caller":"Project/main.go:82","msg":"Server exiting"}
{"level":"DEBUG","time":"2024-12-18T20:16:25.735+0800","caller":"Project/main.go:36","msg":"logger init success..."}
{"level":"INFO","time":"2024-12-18T20:16:27.894+0800","caller":"logger/logger.go:77","msg":"/api/v1/post","status":200,"method":"POST","path":"/api/v1/post","query":"","ip":"::1","user-agent":"PostmanRuntime/7.29.2","errors":"","cost":0.0095125}
{"level":"INFO","time":"2024-12-18T20:31:29.550+0800","caller":"Project/main.go:72","msg":"Shutdown Server ..."}
{"level":"INFO","time":"2024-12-18T20:31:29.551+0800","caller":"Project/main.go:82","msg":"Server exiting"}
{"level":"DEBUG","time":"2024-12-18T20:31:36.158+0800","caller":"Project/main.go:36","msg":"logger init success..."}
{"level":"INFO","time":"2024-12-18T20:31:38.205+0800","caller":"logger/logger.go:77","msg":"/api/v1/post","status":200,"method":"POST","path":"/api/v1/post","query":"","ip":"::1","user-agent":"PostmanRuntime/7.29.2","errors":"","cost":0.0056836}
{"level":"INFO","time":"2024-12-18T20:31:52.127+0800","caller":"logger/logger.go:77","msg":"/api/v1/post","status":200,"method":"POST","path":"/api/v1/post","query":"","ip":"::1","user-agent":"PostmanRuntime/7.29.2","errors":"","cost":0.0019605}
{"level":"INFO","time":"2024-12-18T20:33:17.213+0800","caller":"logger/logger.go:77","msg":"/api/v1/post","status":200,"method":"POST","path":"/api/v1/post","query":"","ip":"::1","user-agent":"PostmanRuntime/7.29.2","errors":"","cost":0.0105222}
{"level":"INFO","time":"2024-12-18T20:44:39.752+0800","caller":"Project/main.go:72","msg":"Shutdown Server ..."}
{"level":"INFO","time":"2024-12-18T20:44:39.753+0800","caller":"Project/main.go:82","msg":"Server exiting"}
{"level":"DEBUG","time":"2024-12-18T20:44:49.118+0800","caller":"Project/main.go:36","msg":"logger init success..."}
{"level":"INFO","time":"2024-12-18T20:45:13.971+0800","caller":"logger/logger.go:77","msg":"/api/v1/post/2001510133141504","status":200,"method":"POST","path":"/api/v1/post/2001510133141504","query":"","ip":"::1","user-agent":"PostmanRuntime/7.29.2","errors":"","cost":0.0037916}
{"level":"INFO","time":"2024-12-18T20:45:43.008+0800","caller":"logger/logger.go:77","msg":"/api/v1/post/1","status":200,"method":"POST","path":"/api/v1/post/1","query":"","ip":"::1","user-agent":"PostmanRuntime/7.29.2","errors":"","cost":0.0014274}
{"level":"DEBUG","time":"2024-12-18T21:23:35.554+0800","caller":"Project/main.go:36","msg":"logger init success..."}
{"level":"ERROR","time":"2024-12-18T21:23:40.611+0800","caller":"controllers/post.go:60","msg":"logic.GetDetailPost(pid) failed","error":"cannot find data with this pid"}
{"level":"INFO","time":"2024-12-18T21:23:40.611+0800","caller":"logger/logger.go:77","msg":"/api/v1/post/1","status":200,"method":"POST","path":"/api/v1/post/1","query":"","ip":"::1","user-agent":"PostmanRuntime/7.29.2","errors":"","cost":0.0249931}
{"level":"INFO","time":"2024-12-18T21:24:02.316+0800","caller":"logger/logger.go:77","msg":"/api/v1/post/2001510133141504","status":200,"method":"POST","path":"/api/v1/post/2001510133141504","query":"","ip":"::1","user-agent":"PostmanRuntime/7.29.2","errors":"","cost":0.0014724}
{"level":"INFO","time":"2024-12-18T21:29:09.475+0800","caller":"logger/logger.go:77","msg":"/api/v1/post/2001510133141504","status":200,"method":"POST","path":"/api/v1/post/2001510133141504","query":"","ip":"::1","user-agent":"PostmanRuntime/7.29.2","errors":"","cost":0}
{"level":"INFO","time":"2024-12-18T21:31:59.190+0800","caller":"Project/main.go:72","msg":"Shutdown Server ..."}
{"level":"INFO","time":"2024-12-18T21:31:59.190+0800","caller":"Project/main.go:82","msg":"Server exiting"}
{"level":"DEBUG","time":"2024-12-18T21:32:05.722+0800","caller":"Project/main.go:36","msg":"logger init success..."}
{"level":"INFO","time":"2024-12-18T21:32:12.558+0800","caller":"logger/logger.go:77","msg":"/api/v1/login","status":200,"method":"GET","path":"/api/v1/login","query":"","ip":"::1","user-agent":"PostmanRuntime/7.29.2","errors":"","cost":0.2127956}
{"level":"INFO","time":"2024-12-18T21:32:20.283+0800","caller":"logger/logger.go:77","msg":"/api/v1/post/2001510133141504","status":200,"method":"POST","path":"/api/v1/post/2001510133141504","query":"","ip":"::1","user-agent":"PostmanRuntime/7.29.2","errors":"","cost":0.0013822}
{"level":"INFO","time":"2024-12-18T21:33:08.278+0800","caller":"Project/main.go:72","msg":"Shutdown Server ..."}
{"level":"INFO","time":"2024-12-18T21:33:08.278+0800","caller":"Project/main.go:82","msg":"Server exiting"}
{"level":"DEBUG","time":"2024-12-18T21:33:13.550+0800","caller":"Project/main.go:36","msg":"logger init success..."}
{"level":"INFO","time":"2024-12-18T21:33:15.984+0800","caller":"logger/logger.go:77","msg":"/api/v1/post/2001510133141504","status":200,"method":"POST","path":"/api/v1/post/2001510133141504","query":"","ip":"::1","user-agent":"PostmanRuntime/7.29.2","errors":"","cost":0.0012678}
{"level":"INFO","time":"2024-12-18T21:34:08.700+0800","caller":"Project/main.go:72","msg":"Shutdown Server ..."}
{"level":"INFO","time":"2024-12-18T21:34:08.700+0800","caller":"Project/main.go:82","msg":"Server exiting"}
{"level":"DEBUG","time":"2024-12-18T21:34:14.400+0800","caller":"Project/main.go:36","msg":"logger init success..."}
{"level":"INFO","time":"2024-12-18T21:34:16.646+0800","caller":"logger/logger.go:77","msg":"/api/v1/post/2001510133141504","status":200,"method":"POST","path":"/api/v1/post/2001510133141504","query":"","ip":"::1","user-agent":"PostmanRuntime/7.29.2","errors":"","cost":0.0013324}
{"level":"INFO","time":"2024-12-18T21:34:28.848+0800","caller":"logger/logger.go:77","msg":"/api/v1/post","status":200,"method":"POST","path":"/api/v1/post","query":"","ip":"::1","user-agent":"PostmanRuntime/7.29.2","errors":"","cost":0.0201809}
{"level":"INFO","time":"2024-12-18T21:47:40.147+0800","caller":"Project/main.go:72","msg":"Shutdown Server ..."}
{"level":"INFO","time":"2024-12-18T21:47:40.148+0800","caller":"Project/main.go:82","msg":"Server exiting"}
{"level":"DEBUG","time":"2024-12-18T21:47:45.972+0800","caller":"Project/main.go:36","msg":"logger init success..."}
{"level":"INFO","time":"2024-12-18T21:47:59.753+0800","caller":"logger/logger.go:77","msg":"/api/v1/post","status":200,"method":"POST","path":"/api/v1/post","query":"","ip":"::1","user-agent":"PostmanRuntime/7.29.2","errors":"","cost":0.0044685}
{"level":"INFO","time":"2024-12-18T21:49:47.053+0800","caller":"Project/main.go:72","msg":"Shutdown Server ..."}
{"level":"INFO","time":"2024-12-18T21:49:47.053+0800","caller":"Project/main.go:82","msg":"Server exiting"}
{"level":"DEBUG","time":"2024-12-18T21:50:57.251+0800","caller":"Project/main.go:36","msg":"logger init success..."}
{"level":"INFO","time":"2024-12-18T21:51:02.611+0800","caller":"logger/logger.go:77","msg":"/api/v1/login","status":200,"method":"GET","path":"/api/v1/login","query":"","ip":"::1","user-agent":"PostmanRuntime/7.29.2","errors":"","cost":0.2036973}
{"level":"INFO","time":"2024-12-18T21:51:15.673+0800","caller":"logger/logger.go:77","msg":"/api/v1/post","status":200,"method":"POST","path":"/api/v1/post","query":"","ip":"::1","user-agent":"PostmanRuntime/7.29.2","errors":"","cost":0.0048501}
{"level":"INFO","time":"2024-12-18T21:51:33.372+0800","caller":"logger/logger.go:77","msg":"/api/v1/post/2021133041799168","status":200,"method":"POST","path":"/api/v1/post/2021133041799168","query":"","ip":"::1","user-agent":"PostmanRuntime/7.29.2","errors":"","cost":0.0008388}
{"level":"INFO","time":"2024-12-18T21:51:38.799+0800","caller":"logger/logger.go:77","msg":"/api/v1/post/2021133041799168","status":200,"method":"GET","path":"/api/v1/post/2021133041799168","query":"","ip":"::1","user-agent":"PostmanRuntime/7.29.2","errors":"","cost":0}
{"level":"INFO","time":"2024-12-18T21:53:52.759+0800","caller":"logger/logger.go:77","msg":"/api/v1/post/2021133041799168","status":200,"method":"GET","path":"/api/v1/post/2021133041799168","query":"","ip":"::1","user-agent":"PostmanRuntime/7.29.2","errors":"","cost":0}
{"level":"INFO","time":"2024-12-18T21:53:55.285+0800","caller":"Project/main.go:72","msg":"Shutdown Server ..."}
{"level":"INFO","time":"2024-12-18T21:53:55.285+0800","caller":"Project/main.go:82","msg":"Server exiting"}
{"level":"DEBUG","time":"2024-12-18T21:54:02.654+0800","caller":"Project/main.go:36","msg":"logger init success..."}
{"level":"INFO","time":"2024-12-18T21:54:44.560+0800","caller":"logger/logger.go:77","msg":"/api/v1/post/2021133041799168","status":200,"method":"GET","path":"/api/v1/post/2021133041799168","query":"","ip":"::1","user-agent":"PostmanRuntime/7.29.2","errors":"","cost":0.0014185}
{"level":"INFO","time":"2024-12-18T23:40:43.135+0800","caller":"Project/main.go:72","msg":"Shutdown Server ..."}
{"level":"INFO","time":"2024-12-18T23:40:43.136+0800","caller":"Project/main.go:82","msg":"Server exiting"}
{"level":"DEBUG","time":"2024-12-18T23:40:50.871+0800","caller":"Project/main.go:36","msg":"logger init success..."}
{"level":"INFO","time":"2024-12-18T23:40:54.104+0800","caller":"logger/logger.go:77","msg":"/api/v1/post/2021133041799168","status":200,"method":"GET","path":"/api/v1/post/2021133041799168","query":"","ip":"::1","user-agent":"PostmanRuntime/7.29.2","errors":"","cost":0.0077887}
{"level":"INFO","time":"2024-12-18T23:41:21.222+0800","caller":"Project/main.go:72","msg":"Shutdown Server ..."}
{"level":"DEBUG","time":"2024-12-19T12:55:10.918+0800","caller":"Project/main.go:36","msg":"logger init success..."}
{"level":"ERROR","time":"2024-12-19T13:07:57.790+0800","caller":"controllers/post.go:75","msg":"logic.GetPostList(page,size) failed","error":"Error 1146 (42S02): Table 'sql_demo.api_post_details' doesn't exist"}
{"level":"INFO","time":"2024-12-19T13:07:57.791+0800","caller":"logger/logger.go:77","msg":"/api/v1/posts","status":200,"method":"GET","path":"/api/v1/posts","query":"","ip":"::1","user-agent":"PostmanRuntime/7.29.2","errors":"","cost":0.0075761}
{"level":"INFO","time":"2024-12-19T13:08:49.229+0800","caller":"Project/main.go:72","msg":"Shutdown Server ..."}
{"level":"INFO","time":"2024-12-19T13:08:49.230+0800","caller":"Project/main.go:82","msg":"Server exiting"}
{"level":"DEBUG","time":"2024-12-19T13:08:55.365+0800","caller":"Project/main.go:36","msg":"logger init success..."}
{"level":"INFO","time":"2024-12-19T13:09:00.170+0800","caller":"logger/logger.go:77","msg":"/api/v1/posts","status":200,"method":"GET","path":"/api/v1/posts","query":"","ip":"::1","user-agent":"PostmanRuntime/7.29.2","errors":"","cost":0.0029306}
{"level":"INFO","time":"2024-12-19T13:28:17.765+0800","caller":"Project/main.go:72","msg":"Shutdown Server ..."}
{"level":"INFO","time":"2024-12-19T13:28:17.767+0800","caller":"Project/main.go:82","msg":"Server exiting"}
{"level":"DEBUG","time":"2024-12-19T13:35:13.903+0800","caller":"Project/main.go:36","msg":"logger init success..."}
{"level":"INFO","time":"2024-12-19T13:35:17.896+0800","caller":"logger/logger.go:77","msg":"/api/v1/posts","status":200,"method":"GET","path":"/api/v1/posts","query":"","ip":"::1","user-agent":"PostmanRuntime/7.29.2","errors":"","cost":0.004137}
{"level":"INFO","time":"2024-12-19T13:39:04.886+0800","caller":"logger/logger.go:77","msg":"/api/v1/post","status":200,"method":"GET","path":"/api/v1/post","query":"","ip":"::1","user-agent":"PostmanRuntime/7.29.2","errors":"","cost":0}
{"level":"INFO","time":"2024-12-19T13:39:10.262+0800","caller":"logger/logger.go:77","msg":"/api/v1/post","status":200,"method":"POST","path":"/api/v1/post","query":"","ip":"::1","user-agent":"PostmanRuntime/7.29.2","errors":"","cost":0}
{"level":"INFO","time":"2024-12-19T13:39:25.830+0800","caller":"logger/logger.go:77","msg":"/api/v1/post","status":200,"method":"POST","path":"/api/v1/post","query":"","ip":"::1","user-agent":"PostmanRuntime/7.29.2","errors":"","cost":0.0058903}
{"level":"INFO","time":"2024-12-19T13:40:46.833+0800","caller":"logger/logger.go:77","msg":"/api/v1/post","status":200,"method":"POST","path":"/api/v1/post","query":"","ip":"::1","user-agent":"PostmanRuntime/7.29.2","errors":"","cost":0.0024145}
{"level":"INFO","time":"2024-12-19T13:40:50.354+0800","caller":"logger/logger.go:77","msg":"/api/v1/posts","status":200,"method":"GET","path":"/api/v1/posts","query":"","ip":"::1","user-agent":"PostmanRuntime/7.29.2","errors":"","cost":0.0030807}
{"level":"INFO","time":"2024-12-19T13:41:18.231+0800","caller":"logger/logger.go:77","msg":"/api/v1/posts/page=1&size=2","status":200,"method":"GET","path":"/api/v1/posts/page=1&size=2","query":"","ip":"::1","user-agent":"PostmanRuntime/7.29.2","errors":"","cost":0}
{"level":"INFO","time":"2024-12-19T13:41:23.380+0800","caller":"logger/logger.go:77","msg":"/api/v1/posts","status":200,"method":"GET","path":"/api/v1/posts","query":"page=1&size=2","ip":"::1","user-agent":"PostmanRuntime/7.29.2","errors":"","cost":0.0017542}
{"level":"INFO","time":"2024-12-19T13:41:28.292+0800","caller":"logger/logger.go:77","msg":"/api/v1/posts","status":200,"method":"GET","path":"/api/v1/posts","query":"page=1&size=3","ip":"::1","user-agent":"PostmanRuntime/7.29.2","errors":"","cost":0.0028471}
{"level":"INFO","time":"2024-12-19T13:41:35.822+0800","caller":"logger/logger.go:77","msg":"/api/v1/posts","status":200,"method":"GET","path":"/api/v1/posts","query":"page=2&size=2","ip":"::1","user-agent":"PostmanRuntime/7.29.2","errors":"","cost":0.0012486}
{"level":"INFO","time":"2024-12-19T13:44:18.035+0800","caller":"logger/logger.go:77","msg":"/api/v1/community","status":200,"method":"GET","path":"/api/v1/community","query":"","ip":"::1","user-agent":"PostmanRuntime/7.29.2","errors":"","cost":0.0009596}
{"level":"INFO","time":"2024-12-19T13:50:26.358+0800","caller":"Project/main.go:72","msg":"Shutdown Server ..."}
{"level":"INFO","time":"2024-12-19T13:50:26.359+0800","caller":"Project/main.go:82","msg":"Server exiting"}
{"level":"DEBUG","time":"2024-12-19T13:50:34.049+0800","caller":"Project/main.go:36","msg":"logger init success..."}
{"level":"INFO","time":"2024-12-19T13:50:45.606+0800","caller":"logger/logger.go:77","msg":"/api/v1/community","status":200,"method":"GET","path":"/api/v1/community","query":"","ip":"::1","user-agent":"PostmanRuntime/7.29.2","errors":"","cost":0.0005148}
{"level":"INFO","time":"2024-12-19T13:50:52.145+0800","caller":"logger/logger.go:77","msg":"/api/v1/community/1","status":200,"method":"GET","path":"/api/v1/community/1","query":"","ip":"::1","user-agent":"PostmanRuntime/7.29.2","errors":"","cost":0.0018613}
{"level":"INFO","time":"2024-12-19T13:50:56.222+0800","caller":"logger/logger.go:77","msg":"/api/v1/community/posts","status":200,"method":"GET","path":"/api/v1/community/posts","query":"","ip":"::1","user-agent":"PostmanRuntime/7.29.2","errors":"","cost":0}
{"level":"INFO","time":"2024-12-19T13:51:04.558+0800","caller":"logger/logger.go:77","msg":"/api/v1/posts","status":200,"method":"GET","path":"/api/v1/posts","query":"page=2&size=2","ip":"::1","user-agent":"PostmanRuntime/7.29.2","errors":"","cost":0.0025467}
{"level":"INFO","time":"2024-12-19T15:25:06.710+0800","caller":"Project/main.go:72","msg":"Shutdown Server ..."}
{"level":"INFO","time":"2024-12-19T15:25:06.711+0800","caller":"Project/main.go:82","msg":"Server exiting"}
{"level":"DEBUG","time":"2024-12-19T15:25:12.621+0800","caller":"Project/main.go:36","msg":"logger init success..."}
{"level":"INFO","time":"2024-12-19T15:26:44.287+0800","caller":"logger/logger.go:77","msg":"/api/v1/post","status":200,"method":"POST","path":"/api/v1/post","query":"","ip":"::1","user-agent":"PostmanRuntime/7.29.2","errors":"","cost":0}
{"level":"INFO","time":"2024-12-19T15:26:51.375+0800","caller":"logger/logger.go:77","msg":"/api/v1/login","status":200,"method":"POST","path":"/api/v1/login","query":"","ip":"::1","user-agent":"PostmanRuntime/7.29.2","errors":"","cost":0}
{"level":"INFO","time":"2024-12-19T15:27:17.749+0800","caller":"logger/logger.go:77","msg":"/api/v1/login","status":200,"method":"POST","path":"/api/v1/login","query":"","ip":"::1","user-agent":"PostmanRuntime/7.29.2","errors":"","cost":0.0009983}
{"level":"ERROR","time":"2024-12-19T15:28:25.279+0800","caller":"controllers/user.go:45","msg":"Login with invalid param","error":"json: cannot unmarshal number into Go struct field ParamLogin.password of type string"}
{"level":"INFO","time":"2024-12-19T15:28:25.280+0800","caller":"logger/logger.go:77","msg":"/api/v1/login","status":200,"method":"GET","path":"/api/v1/login","query":"","ip":"::1","user-agent":"PostmanRuntime/7.29.2","errors":"","cost":0.0007404}
{"level":"ERROR","time":"2024-12-19T15:29:16.507+0800","caller":"controllers/user.go:45","msg":"Login with invalid param","error":"json: cannot unmarshal number into Go struct field ParamLogin.password of type string"}
{"level":"INFO","time":"2024-12-19T15:29:16.508+0800","caller":"logger/logger.go:77","msg":"/api/v1/login","status":200,"method":"GET","path":"/api/v1/login","query":"","ip":"::1","user-agent":"PostmanRuntime/7.29.2","errors":"","cost":0.0010575}
{"level":"INFO","time":"2024-12-19T15:43:03.449+0800","caller":"Project/main.go:72","msg":"Shutdown Server ..."}
{"level":"INFO","time":"2024-12-19T15:43:03.450+0800","caller":"Project/main.go:82","msg":"Server exiting"}
{"level":"DEBUG","time":"2024-12-19T15:43:09.520+0800","caller":"Project/main.go:36","msg":"logger init success..."}
{"level":"ERROR","time":"2024-12-19T15:43:16.351+0800","caller":"controllers/user.go:45","msg":"Login with invalid param","error":"json: cannot unmarshal number into Go struct field ParamLogin.password of type string"}
{"level":"INFO","time":"2024-12-19T15:43:16.352+0800","caller":"logger/logger.go:77","msg":"/api/v1/login","status":400,"method":"GET","path":"/api/v1/login","query":"","ip":"::1","user-agent":"PostmanRuntime/7.29.2","errors":"","cost":0.0005251}
{"level":"INFO","time":"2024-12-19T16:04:06.846+0800","caller":"Project/main.go:72","msg":"Shutdown Server ..."}
{"level":"INFO","time":"2024-12-19T16:04:06.847+0800","caller":"Project/main.go:82","msg":"Server exiting"}
{"level":"DEBUG","time":"2024-12-19T16:04:13.592+0800","caller":"Project/main.go:36","msg":"logger init success..."}
{"level":"INFO","time":"2024-12-19T16:04:28.112+0800","caller":"logger/logger.go:77","msg":"/api/v1/login","status":200,"method":"GET","path":"/api/v1/login","query":"","ip":"::1","user-agent":"PostmanRuntime/7.29.2","errors":"","cost":0.2012427}
{"level":"INFO","time":"2024-12-19T16:10:45.676+0800","caller":"Project/main.go:72","msg":"Shutdown Server ..."}
{"level":"INFO","time":"2024-12-19T16:10:45.677+0800","caller":"Project/main.go:82","msg":"Server exiting"}
{"level":"DEBUG","time":"2024-12-19T16:10:53.747+0800","caller":"Project/main.go:36","msg":"logger init success..."}
{"level":"INFO","time":"2024-12-19T16:10:55.946+0800","caller":"logger/logger.go:77","msg":"/api/v1/login","status":200,"method":"GET","path":"/api/v1/login","query":"","ip":"::1","user-agent":"PostmanRuntime/7.29.2","errors":"","cost":0.2076725}
{"level":"INFO","time":"2024-12-19T16:15:38.448+0800","caller":"Project/main.go:72","msg":"Shutdown Server ..."}
{"level":"INFO","time":"2024-12-19T16:15:38.449+0800","caller":"Project/main.go:82","msg":"Server exiting"}
{"level":"DEBUG","time":"2024-12-19T16:15:44.905+0800","caller":"Project/main.go:36","msg":"logger init success..."}
{"level":"INFO","time":"2024-12-19T16:15:46.985+0800","caller":"logger/logger.go:77","msg":"/api/v1/login","status":200,"method":"GET","path":"/api/v1/login","query":"","ip":"::1","user-agent":"PostmanRuntime/7.29.2","errors":"","cost":0.2067421}
{"level":"INFO","time":"2024-12-19T16:16:00.765+0800","caller":"logger/logger.go:77","msg":"/api/v1/posts","status":200,"method":"GET","path":"/api/v1/posts","query":"page=2&size=2","ip":"::1","user-agent":"PostmanRuntime/7.29.2","errors":"","cost":0.0035632}
